<?xml version="1.0" encoding="UTF-8"?>
<!-- Generated by org.testng.reporters.JUnitReportReporter -->
<testsuite hostname="Suvam" failures="0" tests="2" name="practic.contacttest.SampleReportTest" time="0.023" errors="0" timestamp="2024-07-22T15:39:55 IST" skipped="0">
  <testcase classname="practic.contacttest.SampleReportTest" name="createContactTest" time="0.013"/>
  <testcase classname="practic.contacttest.SampleReportTest" name="createContactWithPhoneNoTest" time="0.010"/>
</testsuite> <!-- practic.contacttest.SampleReportTest -->
