<?xml version="1.0" encoding="UTF-8"?>
<testng-results ignored="0" total="1" passed="1" failed="0" skipped="0">
  <reporter-output>
  </reporter-output>
  <suite started-at="2024-07-24T18:31:33 IST" name="Default suite" finished-at="2024-07-24T18:31:39 IST" duration-ms="5476">
    <groups>
    </groups>
    <test started-at="2024-07-24T18:31:33 IST" name="Default test" finished-at="2024-07-24T18:31:39 IST" duration-ms="5476">
      <class name="practic.contacttest.MyntraPracticeTest">
        <test-method signature="getAllDescElements()[pri:0, instance:practic.contacttest.MyntraPracticeTest@145f66e3]" started-at="2024-07-24T18:31:33 IST" name="getAllDescElements" finished-at="2024-07-24T18:31:39 IST" duration-ms="5422" status="PASS">
          <reporter-output>
          </reporter-output>
        </test-method> <!-- getAllDescElements -->
      </class> <!-- practic.contacttest.MyntraPracticeTest -->
    </test> <!-- Default test -->
  </suite> <!-- Default suite -->
</testng-results>
